<?xml version="1.0" encoding="UTF-8"?>
<testng-results ignored="0" total="2" passed="2" failed="0" skipped="0">
  <reporter-output>
  </reporter-output>
  <suite started-at="2022-11-02T10:35:35 TRT" name="Single Thread All Test Cases" finished-at="2022-11-02T10:39:50 TRT" duration-ms="255688">
    <groups>
    </groups>
    <test started-at="2022-11-02T10:35:35 TRT" name="Tests" finished-at="2022-11-02T10:39:50 TRT" duration-ms="255688">
      <class name="TestNG.AddProductsFromDifferentStoresWithoutLogin">
        <test-method is-config="true" signature="setUp()[pri:0, instance:TestNG.AddProductsFromDifferentStoresWithoutLogin@52aa2946]" started-at="2022-11-02T10:37:49 TRT" name="setUp" finished-at="2022-11-02T10:38:21 TRT" duration-ms="31609" status="PASS">
          <reporter-output>
          </reporter-output>
        </test-method> <!-- setUp -->
        <test-method is-config="true" signature="before()[pri:0, instance:TestNG.AddProductsFromDifferentStoresWithoutLogin@52aa2946]" started-at="2022-11-02T10:38:21 TRT" name="before" finished-at="2022-11-02T10:38:21 TRT" duration-ms="31" status="PASS">
          <reporter-output>
          </reporter-output>
        </test-method> <!-- before -->
        <test-method signature="addProductsFromDifferentStoresWithoutLogin()[pri:0, instance:TestNG.AddProductsFromDifferentStoresWithoutLogin@52aa2946]" started-at="2022-11-02T10:38:21 TRT" name="addProductsFromDifferentStoresWithoutLogin" finished-at="2022-11-02T10:39:50 TRT" duration-ms="88631" status="PASS">
          <reporter-output>
          </reporter-output>
        </test-method> <!-- addProductsFromDifferentStoresWithoutLogin -->
        <test-method is-config="true" signature="tearDown()[pri:0, instance:TestNG.AddProductsFromDifferentStoresWithoutLogin@52aa2946]" started-at="2022-11-02T10:39:50 TRT" name="tearDown" finished-at="2022-11-02T10:39:50 TRT" duration-ms="655" status="PASS">
          <reporter-output>
          </reporter-output>
        </test-method> <!-- tearDown -->
      </class> <!-- TestNG.AddProductsFromDifferentStoresWithoutLogin -->
      <class name="TestNG.AddProductsFromDifferentStoresWithLogin">
        <test-method is-config="true" signature="setUp()[pri:0, instance:TestNG.AddProductsFromDifferentStoresWithLogin@667a738]" started-at="2022-11-02T10:35:35 TRT" name="setUp" finished-at="2022-11-02T10:36:05 TRT" duration-ms="30288" status="PASS">
          <reporter-output>
          </reporter-output>
        </test-method> <!-- setUp -->
        <test-method is-config="true" signature="before()[pri:0, instance:TestNG.AddProductsFromDifferentStoresWithLogin@667a738]" started-at="2022-11-02T10:36:05 TRT" name="before" finished-at="2022-11-02T10:36:05 TRT" duration-ms="2" status="PASS">
          <reporter-output>
          </reporter-output>
        </test-method> <!-- before -->
        <test-method signature="addProductsFromDifferentStoresWithLogin()[pri:0, instance:TestNG.AddProductsFromDifferentStoresWithLogin@667a738]" started-at="2022-11-02T10:36:05 TRT" name="addProductsFromDifferentStoresWithLogin" finished-at="2022-11-02T10:37:48 TRT" duration-ms="103136" status="PASS">
          <reporter-output>
          </reporter-output>
        </test-method> <!-- addProductsFromDifferentStoresWithLogin -->
        <test-method is-config="true" signature="tearDown()[pri:0, instance:TestNG.AddProductsFromDifferentStoresWithLogin@667a738]" started-at="2022-11-02T10:37:48 TRT" name="tearDown" finished-at="2022-11-02T10:37:49 TRT" duration-ms="1248" status="PASS">
          <reporter-output>
          </reporter-output>
        </test-method> <!-- tearDown -->
      </class> <!-- TestNG.AddProductsFromDifferentStoresWithLogin -->
    </test> <!-- Tests -->
  </suite> <!-- Single Thread All Test Cases -->
</testng-results>
