<?xml version="1.0" encoding="UTF-8"?>
<testng-results ignored="0" total="2" passed="2" failed="0" skipped="0">
  <reporter-output>
  </reporter-output>
  <suite started-at="2022-10-27T09:33:04Z" name="Default Suite" finished-at="2022-10-27T09:36:41Z" duration-ms="217039">
    <groups>
    </groups>
    <test started-at="2022-10-27T09:33:04Z" name="A101PatikaFinalCase" finished-at="2022-10-27T09:36:41Z" duration-ms="217039">
      <class name="TestNG.AddProductsFromDifferentStores">
        <test-method is-config="true" signature="setUp()[pri:0, instance:TestNG.AddProductsFromDifferentStores@48a242ce]" started-at="2022-10-27T09:33:04Z" name="setUp" finished-at="2022-10-27T09:33:31Z" duration-ms="27300" status="PASS">
          <reporter-output>
          </reporter-output>
        </test-method> <!-- setUp -->
        <test-method signature="addProductsFromDifferentStoresWithoutLogin()[pri:1, instance:TestNG.AddProductsFromDifferentStores@48a242ce]" started-at="2022-10-27T09:33:31Z" name="addProductsFromDifferentStoresWithoutLogin" finished-at="2022-10-27T09:34:45Z" duration-ms="74222" status="PASS">
          <reporter-output>
          </reporter-output>
        </test-method> <!-- addProductsFromDifferentStoresWithoutLogin -->
        <test-method is-config="true" signature="tearDown()[pri:0, instance:TestNG.AddProductsFromDifferentStores@48a242ce]" started-at="2022-10-27T09:34:46Z" name="tearDown" finished-at="2022-10-27T09:34:47Z" duration-ms="1822" status="PASS">
          <reporter-output>
          </reporter-output>
        </test-method> <!-- tearDown -->
        <test-method is-config="true" signature="setUp()[pri:0, instance:TestNG.AddProductsFromDifferentStores@48a242ce]" started-at="2022-10-27T09:34:47Z" name="setUp" finished-at="2022-10-27T09:35:13Z" duration-ms="25469" status="PASS">
          <reporter-output>
          </reporter-output>
        </test-method> <!-- setUp -->
        <test-method signature="addProductsFromDifferentStoresWithLogin()[pri:2, instance:TestNG.AddProductsFromDifferentStores@48a242ce]" started-at="2022-10-27T09:35:13Z" name="addProductsFromDifferentStoresWithLogin" finished-at="2022-10-27T09:36:40Z" duration-ms="87484" status="PASS">
          <reporter-output>
          </reporter-output>
        </test-method> <!-- addProductsFromDifferentStoresWithLogin -->
        <test-method is-config="true" signature="tearDown()[pri:0, instance:TestNG.AddProductsFromDifferentStores@48a242ce]" started-at="2022-10-27T09:36:40Z" name="tearDown" finished-at="2022-10-27T09:36:41Z" duration-ms="702" status="PASS">
          <reporter-output>
          </reporter-output>
        </test-method> <!-- tearDown -->
      </class> <!-- TestNG.AddProductsFromDifferentStores -->
    </test> <!-- A101PatikaFinalCase -->
  </suite> <!-- Default Suite -->
</testng-results>
