<?xml version="1.0" encoding="UTF-8"?>
<testng-results ignored="0" total="2" passed="2" failed="0" skipped="0">
  <reporter-output>
  </reporter-output>
  <suite started-at="2022-11-01T17:40:02 TRT" name="Single Thread All Test Cases" finished-at="2022-11-01T17:44:29 TRT" duration-ms="266930">
    <groups>
    </groups>
    <test started-at="2022-11-01T17:40:02 TRT" name="Tests" finished-at="2022-11-01T17:44:29 TRT" duration-ms="266930">
      <class name="TestNG.AddProductsFromDifferentStoresWithLogin">
        <test-method is-config="true" signature="setUp()[pri:0, instance:TestNG.AddProductsFromDifferentStoresWithLogin@29ba4338]" started-at="2022-11-01T17:40:02 TRT" name="setUp" finished-at="2022-11-01T17:40:36 TRT" duration-ms="33491" status="PASS">
          <reporter-output>
          </reporter-output>
        </test-method> <!-- setUp -->
        <test-method signature="addProductsFromDifferentStoresWithLogin()[pri:0, instance:TestNG.AddProductsFromDifferentStoresWithLogin@29ba4338]" started-at="2022-11-01T17:40:36 TRT" name="addProductsFromDifferentStoresWithLogin" finished-at="2022-11-01T17:42:24 TRT" duration-ms="108562" status="PASS">
          <reporter-output>
          </reporter-output>
        </test-method> <!-- addProductsFromDifferentStoresWithLogin -->
        <test-method is-config="true" signature="tearDown()[pri:0, instance:TestNG.AddProductsFromDifferentStoresWithLogin@29ba4338]" started-at="2022-11-01T17:42:24 TRT" name="tearDown" finished-at="2022-11-01T17:42:25 TRT" duration-ms="840" status="PASS">
          <reporter-output>
          </reporter-output>
        </test-method> <!-- tearDown -->
      </class> <!-- TestNG.AddProductsFromDifferentStoresWithLogin -->
      <class name="TestNG.AddProductsFromDifferentStoresWithoutLogin">
        <test-method is-config="true" signature="setUp()[pri:0, instance:TestNG.AddProductsFromDifferentStoresWithoutLogin@1a38c59b]" started-at="2022-11-01T17:42:25 TRT" name="setUp" finished-at="2022-11-01T17:42:56 TRT" duration-ms="30840" status="PASS">
          <reporter-output>
          </reporter-output>
        </test-method> <!-- setUp -->
        <test-method signature="addProductsFromDifferentStoresWithoutLogin()[pri:0, instance:TestNG.AddProductsFromDifferentStoresWithoutLogin@1a38c59b]" started-at="2022-11-01T17:42:56 TRT" name="addProductsFromDifferentStoresWithoutLogin" finished-at="2022-11-01T17:44:28 TRT" duration-ms="92004" status="PASS">
          <reporter-output>
          </reporter-output>
        </test-method> <!-- addProductsFromDifferentStoresWithoutLogin -->
        <test-method is-config="true" signature="tearDown()[pri:0, instance:TestNG.AddProductsFromDifferentStoresWithoutLogin@1a38c59b]" started-at="2022-11-01T17:44:28 TRT" name="tearDown" finished-at="2022-11-01T17:44:29 TRT" duration-ms="1081" status="PASS">
          <reporter-output>
          </reporter-output>
        </test-method> <!-- tearDown -->
      </class> <!-- TestNG.AddProductsFromDifferentStoresWithoutLogin -->
    </test> <!-- Tests -->
  </suite> <!-- Single Thread All Test Cases -->
</testng-results>
